<?xml version="1.0" encoding="UTF-8"?>
<!-- Generated by org.testng.reporters.JUnitReportReporter -->
<testsuite hostname="LAPTOP-MIBHCKO2" failures="0" tests="2" name="tests.LoginTest" time="23.995" errors="0" timestamp="2025-06-27T18:46:42 IST" skipped="0">
  <testcase classname="tests.LoginTest" name="loginTest" time="9.010"/>
  <testcase classname="tests.LoginTest" name="loginTest" time="14.985"/>
</testsuite> <!-- tests.LoginTest -->
