<?xml version="1.0" encoding="UTF-8"?>
<!-- Generated by org.testng.reporters.JUnitReportReporter -->
<testsuite hostname="LAPTOP-MIBHCKO2" failures="0" tests="6" name="tests.APITest" time="9.185" errors="0" timestamp="2025-07-09T12:03:29 IST" skipped="0">
  <testcase classname="tests.APITest" name="createUserAPITest" time="4.930"/>
  <testcase classname="tests.APITest" name="generateTokenAPITest" time="1.195"/>
  <testcase classname="tests.APITest" name="getBooksAPITest" time="0.724"/>
  <testcase classname="tests.APITest" name="addBookAPITest" time="0.752"/>
  <testcase classname="tests.APITest" name="editBookAPITest" time="0.780"/>
  <testcase classname="tests.APITest" name="deleteBookAPITest" time="0.804"/>
</testsuite> <!-- tests.APITest -->
