<?xml version="1.0" encoding="UTF-8"?>
<!-- Generated by org.testng.reporters.JUnitReportReporter -->
<testsuite hostname="LAPTOP-MIBHCKO2" failures="0" tests="2" name="tests.LoginTest" time="24.788" errors="0" timestamp="2025-06-27T16:13:26 IST" skipped="0">
  <testcase classname="tests.LoginTest" name="validLoginTest" time="11.980"/>
  <testcase classname="tests.LoginTest" name="validLoginTest" time="12.808"/>
</testsuite> <!-- tests.LoginTest -->
