<?xml version="1.0" encoding="UTF-8"?>
<!-- Generated by org.testng.reporters.JUnitReportReporter -->
<testsuite hostname="LAPTOP-MIBHCKO2" failures="0" tests="2" name="tests.LoginTest" time="15.180" errors="0" timestamp="2025-06-29T11:58:02 IST" skipped="0">
  <testcase classname="tests.LoginTest" name="loginTest" time="7.634"/>
  <testcase classname="tests.LoginTest" name="loginTest" time="7.546"/>
</testsuite> <!-- tests.LoginTest -->
