<?xml version="1.0" encoding="UTF-8"?>
<!-- Generated by org.testng.reporters.JUnitReportReporter -->
<testsuite hostname="LAPTOP-MIBHCKO2" failures="0" tests="2" name="tests.LoginTest" time="15.162" errors="0" timestamp="2025-06-25T19:15:13 IST" skipped="0">
  <testcase classname="tests.LoginTest" name="validLoginTest" time="7.653"/>
  <testcase classname="tests.LoginTest" name="invalidLoginTest" time="7.509"/>
</testsuite> <!-- tests.LoginTest -->
