<?xml version="1.0" encoding="UTF-8"?>
<!-- Generated by org.testng.reporters.JUnitReportReporter -->
<testsuite hostname="LAPTOP-MIBHCKO2" failures="0" tests="2" name="tests.LoginTest" time="13.325" errors="0" timestamp="2025-06-24T19:34:28 IST" skipped="0">
  <testcase classname="tests.LoginTest" name="validLoginTest" time="7.152"/>
  <testcase classname="tests.LoginTest" name="invalidLoginTest" time="6.173"/>
</testsuite> <!-- tests.LoginTest -->
