<?xml version="1.0" encoding="UTF-8"?>
<!-- Generated by org.testng.reporters.JUnitReportReporter -->
<testsuite hostname="LAPTOP-MIBHCKO2" failures="0" tests="2" name="tests.LoginTest" time="16.569" errors="0" timestamp="2025-07-06T19:35:06 IST" skipped="0">
  <testcase classname="tests.LoginTest" name="loginTest" time="8.883"/>
  <testcase classname="tests.LoginTest" name="loginTest" time="7.686"/>
</testsuite> <!-- tests.LoginTest -->
