<?xml version="1.0" encoding="UTF-8"?>
<!-- Generated by org.testng.reporters.JUnitReportReporter -->
<testsuite hostname="LAPTOP-MIBHCKO2" failures="0" tests="1" name="tests.LoginTest" time="9.356" errors="0" timestamp="2025-06-24T12:55:18 IST" skipped="0">
  <testcase classname="tests.LoginTest" name="validLoginTest" time="9.356"/>
</testsuite> <!-- tests.LoginTest -->
