<?xml version="1.0" encoding="UTF-8"?>
<!-- Generated by org.testng.reporters.JUnitReportReporter -->
<testsuite hostname="LAPTOP-MIBHCKO2" failures="0" tests="1" name="testpackage.LambdatestLogin" time="6.674" errors="0" timestamp="2025-06-19T17:58:46 IST" skipped="0">
  <testcase classname="testpackage.LambdatestLogin" name="LoginTest" time="6.674"/>
</testsuite> <!-- testpackage.LambdatestLogin -->
